<?xml version="1.0" encoding="UTF-8" standalone="no"?><testsuite errors="0" failures="0" name="Determining when a pilot is due for a medical examination" skipped="0" tests="6" time="0.23" timestamp="2023-07-17 08:10:57"><testcase name="Fran is over 40 on the date of her exam"/><testcase name="Fran is under 40 on the date of her exam"/><testcase name="Stan is over 40 on the date of his exam"/><testcase name="Stan is under 40 on the date of his exam"/><testcase name="Terry is over 40 on the date of his exam"/><testcase name="Terry is under 40 on the date of his exam"/></testsuite>